Debugger attached.
Debugger attached.
Debugger attached.
 [1mPort 4200 is already in use.
Would you like to use a different port?[22m [2m(Y/n)[22m[47Gnode:events:497
      throw er; // Unhandled 'error' event
      ^

Error: setRawMode EIO
[90m    at ReadStream.setRawMode (node:tty:81:24)[39m
[90m    at [_setRawMode] [as _setRawMode] (node:internal/readline/interface:377:18)[39m
[90m    at Interface.close (node:internal/readline/interface:527:24)[39m
[90m    at ReadStream.ontermend (node:internal/readline/interface:267:10)[39m
[90m    at ReadStream.emit (node:events:531:35)[39m
[90m    at endReadableNT (node:internal/streams/readable:1698:12)[39m
[90m    at process.processTicksAndRejections (node:internal/process/task_queues:90:21)[39m
Emitted 'error' event on Interface instance at:
[90m    at ReadStream.onerror (node:internal/readline/interface:246:10)[39m
[90m    at ReadStream.emit (node:events:519:28)[39m
[90m    at ReadStream.setRawMode (node:tty:81:10)[39m
[90m    at [_setRawMode] [as _setRawMode] (node:internal/readline/interface:377:18)[39m
[90m    at Interface.close (node:internal/readline/interface:527:24)[39m
[90m    at ReadStream.ontermend (node:internal/readline/interface:267:10)[39m
[90m    at ReadStream.emit (node:events:531:35)[39m
[90m    at endReadableNT (node:internal/streams/readable:1698:12)[39m
[90m    at process.processTicksAndRejections (node:internal/process/task_queues:90:21)[39m {
  errno: [33m-5[39m,
  code: [32m'EIO'[39m,
  syscall: [32m'setRawMode'[39m
}

Node.js v22.21.0
