BEGIN
DO
psql:supabase/migrations/20251020_add_critical_wallet_validations.sql:61: ERROR:  CREATE INDEX CONCURRENTLY cannot run inside a transaction block
psql:supabase/migrations/20251020_add_critical_wallet_validations.sql:64: ERROR:  current transaction is aborted, commands ignored until end of transaction block
psql:supabase/migrations/20251020_add_critical_wallet_validations.sql:73: ERROR:  current transaction is aborted, commands ignored until end of transaction block
psql:supabase/migrations/20251020_add_critical_wallet_validations.sql:77: ERROR:  current transaction is aborted, commands ignored until end of transaction block
psql:supabase/migrations/20251020_add_critical_wallet_validations.sql:80: ERROR:  current transaction is aborted, commands ignored until end of transaction block
psql:supabase/migrations/20251020_add_critical_wallet_validations.sql:84: ERROR:  current transaction is aborted, commands ignored until end of transaction block
psql:supabase/migrations/20251020_add_critical_wallet_validations.sql:88: ERROR:  current transaction is aborted, commands ignored until end of transaction block
psql:supabase/migrations/20251020_add_critical_wallet_validations.sql:91: ERROR:  current transaction is aborted, commands ignored until end of transaction block
psql:supabase/migrations/20251020_add_critical_wallet_validations.sql:95: ERROR:  current transaction is aborted, commands ignored until end of transaction block
psql:supabase/migrations/20251020_add_critical_wallet_validations.sql:99: ERROR:  current transaction is aborted, commands ignored until end of transaction block
psql:supabase/migrations/20251020_add_critical_wallet_validations.sql:102: ERROR:  current transaction is aborted, commands ignored until end of transaction block
psql:supabase/migrations/20251020_add_critical_wallet_validations.sql:106: ERROR:  current transaction is aborted, commands ignored until end of transaction block
psql:supabase/migrations/20251020_add_critical_wallet_validations.sql:110: ERROR:  current transaction is aborted, commands ignored until end of transaction block
psql:supabase/migrations/20251020_add_critical_wallet_validations.sql:113: ERROR:  current transaction is aborted, commands ignored until end of transaction block
psql:supabase/migrations/20251020_add_critical_wallet_validations.sql:117: ERROR:  current transaction is aborted, commands ignored until end of transaction block
psql:supabase/migrations/20251020_add_critical_wallet_validations.sql:121: ERROR:  current transaction is aborted, commands ignored until end of transaction block
psql:supabase/migrations/20251020_add_critical_wallet_validations.sql:124: ERROR:  current transaction is aborted, commands ignored until end of transaction block
psql:supabase/migrations/20251020_add_critical_wallet_validations.sql:133: ERROR:  current transaction is aborted, commands ignored until end of transaction block
psql:supabase/migrations/20251020_add_critical_wallet_validations.sql:136: ERROR:  current transaction is aborted, commands ignored until end of transaction block
psql:supabase/migrations/20251020_add_critical_wallet_validations.sql:141: ERROR:  current transaction is aborted, commands ignored until end of transaction block
psql:supabase/migrations/20251020_add_critical_wallet_validations.sql:144: ERROR:  current transaction is aborted, commands ignored until end of transaction block
psql:supabase/migrations/20251020_add_critical_wallet_validations.sql:336: ERROR:  current transaction is aborted, commands ignored until end of transaction block
psql:supabase/migrations/20251020_add_critical_wallet_validations.sql:339: ERROR:  current transaction is aborted, commands ignored until end of transaction block
psql:supabase/migrations/20251020_add_critical_wallet_validations.sql:379: ERROR:  current transaction is aborted, commands ignored until end of transaction block
psql:supabase/migrations/20251020_add_critical_wallet_validations.sql:382: ERROR:  current transaction is aborted, commands ignored until end of transaction block
psql:supabase/migrations/20251020_add_critical_wallet_validations.sql:387: ERROR:  current transaction is aborted, commands ignored until end of transaction block
psql:supabase/migrations/20251020_add_critical_wallet_validations.sql:390: ERROR:  current transaction is aborted, commands ignored until end of transaction block
psql:supabase/migrations/20251020_add_critical_wallet_validations.sql:418: ERROR:  current transaction is aborted, commands ignored until end of transaction block
psql:supabase/migrations/20251020_add_critical_wallet_validations.sql:421: ERROR:  current transaction is aborted, commands ignored until end of transaction block
psql:supabase/migrations/20251020_add_critical_wallet_validations.sql:593: ERROR:  current transaction is aborted, commands ignored until end of transaction block
psql:supabase/migrations/20251020_add_critical_wallet_validations.sql:596: ERROR:  current transaction is aborted, commands ignored until end of transaction block
psql:supabase/migrations/20251020_add_critical_wallet_validations.sql:612: ERROR:  current transaction is aborted, commands ignored until end of transaction block
psql:supabase/migrations/20251020_add_critical_wallet_validations.sql:614: ERROR:  current transaction is aborted, commands ignored until end of transaction block
psql:supabase/migrations/20251020_add_critical_wallet_validations.sql:615: ERROR:  current transaction is aborted, commands ignored until end of transaction block
psql:supabase/migrations/20251020_add_critical_wallet_validations.sql:616: ERROR:  current transaction is aborted, commands ignored until end of transaction block
psql:supabase/migrations/20251020_add_critical_wallet_validations.sql:619: ERROR:  current transaction is aborted, commands ignored until end of transaction block
psql:supabase/migrations/20251020_add_critical_wallet_validations.sql:652: ERROR:  current transaction is aborted, commands ignored until end of transaction block
psql:supabase/migrations/20251020_add_critical_wallet_validations.sql:655: ERROR:  current transaction is aborted, commands ignored until end of transaction block
ROLLBACK
